<?xml version="1.0" encoding="utf-8"?><testsuites name="pytest tests"><testsuite name="pytest" errors="0" failures="0" skipped="0" tests="28" time="6.734" timestamp="2026-06-13T13:57:56.265546+00:00" hostname="agent-env-257cfb0f-42cb-47d9-bdd2-e6161dc669c6"><testcase classname="backend.tests.test_pharmasignal.TestHealth" name="test_root" time="0.204" /><testcase classname="backend.tests.test_pharmasignal.TestAuth" name="test_login_admin_ok" time="0.271" /><testcase classname="backend.tests.test_pharmasignal.TestAuth" name="test_login_wrong_password" time="0.272" /><testcase classname="backend.tests.test_pharmasignal.TestAuth" name="test_me_without_token" time="0.109" /><testcase classname="backend.tests.test_pharmasignal.TestAuth" name="test_me_with_token" time="1.271" /><testcase classname="backend.tests.test_pharmasignal.TestAuth" name="test_users_list_admin_only" time="0.367" /><testcase classname="backend.tests.test_pharmasignal.TestAuth" name="test_create_user_and_dup" time="0.344" /><testcase classname="backend.tests.test_pharmasignal.TestRoleGuards" name="test_campaigns_create_matrix" time="0.199" /><testcase classname="backend.tests.test_pharmasignal.TestRoleGuards" name="test_campaign_patch_matrix" time="0.301" /><testcase classname="backend.tests.test_pharmasignal.TestRoleGuards" name="test_upload_requires_admin_or_trader" time="0.149" /><testcase classname="backend.tests.test_pharmasignal.TestRoleGuards" name="test_shares_requires_admin_or_trader" time="0.130" /><testcase classname="backend.tests.test_pharmasignal.TestRoleGuards" name="test_creative_patch_role" time="0.259" /><testcase classname="backend.tests.test_pharmasignal.TestRoleGuards" name="test_reseed_admin_only" time="0.279" /><testcase classname="backend.tests.test_pharmasignal.TestFrequency" name="test_requires_auth" time="0.045" /><testcase classname="backend.tests.test_pharmasignal.TestFrequency" name="test_returns_distribution" time="0.042" /><testcase classname="backend.tests.test_pharmasignal.TestShares" name="test_share_lifecycle_and_public" time="0.462" /><testcase classname="backend.tests.test_pharmasignal.TestShares" name="test_expired_share_returns_410" time="1.181" /><testcase classname="backend.tests.test_pharmasignal.TestDashboard" name="test_overview" time="0.052" /><testcase classname="backend.tests.test_pharmasignal.TestCampaigns" name="test_list_seeded" time="0.048" /><testcase classname="backend.tests.test_pharmasignal.TestCampaigns" name="test_create_persists" time="0.092" /><testcase classname="backend.tests.test_pharmasignal.TestAudiences" name="test_list" time="0.045" /><testcase classname="backend.tests.test_pharmasignal.TestPMPs" name="test_list_sorted" time="0.047" /><testcase classname="backend.tests.test_pharmasignal.TestVendors" name="test_list" time="0.047" /><testcase classname="backend.tests.test_pharmasignal.TestRTB" name="test_simulate" time="0.047" /><testcase classname="backend.tests.test_pharmasignal.TestUpload" name="test_upload_invalid_schema_rejected" time="0.096" /><testcase classname="backend.tests.test_pharmasignal.TestUpload" name="test_upload_valid_script_lift" time="0.112" /><testcase classname="backend.tests.test_pharmasignal.TestScenarios" name="test_crud" time="0.093" /><testcase classname="backend.tests.test_pharmasignal.TestCreatives" name="test_list_filter" time="0.094" /></testsuite></testsuites>