<?xml version="1.0" encoding="utf-8"?><testsuites name="pytest tests"><testsuite name="pytest" errors="0" failures="0" skipped="0" tests="26" time="7.005" timestamp="2026-06-13T13:34:24.565717+00:00" hostname="agent-env-257cfb0f-42cb-47d9-bdd2-e6161dc669c6"><testcase classname="backend.tests.test_pharmasignal.TestHealth" name="test_root" time="0.220" /><testcase classname="backend.tests.test_pharmasignal.TestDashboard" name="test_overview" time="0.059" /><testcase classname="backend.tests.test_pharmasignal.TestCampaigns" name="test_list_seeded" time="0.044" /><testcase classname="backend.tests.test_pharmasignal.TestCampaigns" name="test_create_and_persist" time="0.091" /><testcase classname="backend.tests.test_pharmasignal.TestAudiences" name="test_list" time="0.046" /><testcase classname="backend.tests.test_pharmasignal.TestPMPs" name="test_list_sorted_and_fields" time="0.042" /><testcase classname="backend.tests.test_pharmasignal.TestDataCost" name="test_list" time="0.044" /><testcase classname="backend.tests.test_pharmasignal.TestGA4" name="test_list" time="0.045" /><testcase classname="backend.tests.test_pharmasignal.TestScriptLift" name="test_list" time="0.081" /><testcase classname="backend.tests.test_pharmasignal.TestVendors" name="test_list" time="0.043" /><testcase classname="backend.tests.test_pharmasignal.TestRTB" name="test_simulate" time="0.041" /><testcase classname="backend.tests.test_pharmasignal.TestAI" name="test_stream_returns_text" time="3.894" /><testcase classname="backend.tests.test_pharmasignal.TestUpload" name="test_upload_pmps_invalid_schema_rejected" time="0.099" /><testcase classname="backend.tests.test_pharmasignal.TestUpload" name="test_upload_invalid_dataset" time="0.107" /><testcase classname="backend.tests.test_pharmasignal.TestUpload" name="test_upload_valid_script_lift" time="0.107" /><testcase classname="backend.tests.test_pharmasignal.TestDashboardFilters" name="test_filter_by_campaign_type_hcp" time="0.224" /><testcase classname="backend.tests.test_pharmasignal.TestDashboardFilters" name="test_filter_by_brand" time="0.100" /><testcase classname="backend.tests.test_pharmasignal.TestCampaignDetail" name="test_get_campaign_detail" time="0.099" /><testcase classname="backend.tests.test_pharmasignal.TestCampaignDetail" name="test_get_campaign_404" time="0.042" /><testcase classname="backend.tests.test_pharmasignal.TestCampaignDetail" name="test_patch_campaign_links" time="0.259" /><testcase classname="backend.tests.test_pharmasignal.TestScenarios" name="test_scenario_create_list_delete" time="0.197" /><testcase classname="backend.tests.test_pharmasignal.TestScenarios" name="test_delete_missing_scenario" time="0.043" /><testcase classname="backend.tests.test_pharmasignal.TestCreatives" name="test_list_creatives_seeded" time="0.056" /><testcase classname="backend.tests.test_pharmasignal.TestCreatives" name="test_filter_creatives_by_campaign" time="0.099" /><testcase classname="backend.tests.test_pharmasignal.TestCreatives" name="test_patch_creative_status" time="0.100" /><testcase classname="backend.tests.test_pharmasignal.TestLiveStream" name="test_stream_emits_events" time="0.646" /></testsuite></testsuites>